2023-04-03 12:51:28,094 INFO  [Log] Application opened 
2023-04-03 12:51:32,642 INFO  [Log] close of Application done 
2023-04-03 12:51:37,799 INFO  [Log] Application opened 
2023-04-03 12:51:41,471 INFO  [Log] Application Logined 
2023-04-03 12:51:48,529 INFO  [Log] Switched to Frame 
2023-04-03 12:51:51,840 INFO  [Log] Logout of Application done 
2023-04-03 12:51:53,456 INFO  [Log] close of Application done 
2023-04-03 12:54:27,954 INFO  [Log] Application opened 
2023-04-03 12:54:32,497 INFO  [Log] close of Application done 
2023-04-03 12:54:37,759 INFO  [Log] Application opened 
2023-04-03 12:54:41,434 INFO  [Log] Application Logined 
2023-04-03 12:54:41,453 INFO  [Log] Switched to Frame 
2023-04-03 12:54:48,678 INFO  [Log] comesout out  to Frame 
2023-04-03 12:54:51,996 INFO  [Log] Logout of Application done 
2023-04-03 12:54:53,684 INFO  [Log] close of Application done 
2023-04-03 17:00:30,335 INFO  [Log] Switched to Frame 
2023-04-03 17:00:37,186 INFO  [Log] comesout out  to Frame 
2023-04-03 17:00:40,505 INFO  [Log] Logout of Application done 
2023-04-03 17:00:42,237 INFO  [Log] close of Application done 
2023-04-03 17:00:44,434 INFO  [Log] Application opened 
2023-04-03 17:00:48,995 INFO  [Log] close of Application done 
2023-04-03 17:01:20,990 INFO  [Log] Application opened 
2023-04-03 17:01:25,570 INFO  [Log] close of Application done 
2023-04-03 17:01:30,888 INFO  [Log] Application opened 
2023-04-03 17:01:34,559 INFO  [Log] Application Logined 
2023-04-03 17:01:34,566 INFO  [Log] Switched to Frame 
2023-04-03 17:01:41,508 INFO  [Log] comesout out  to Frame 
2023-04-03 17:01:44,805 INFO  [Log] Logout of Application done 
2023-04-03 17:01:46,474 INFO  [Log] close of Application done 
2023-04-04 14:15:46,276 INFO  [Log] Switched to Frame 
2023-04-04 14:15:53,562 INFO  [Log] comesout out  to Frame 
2023-04-04 14:15:56,923 INFO  [Log] Logout of Application done 
2023-04-04 14:15:59,087 INFO  [Log] close of Application done 
2023-04-04 14:16:01,955 INFO  [Log] Application opened 
2023-04-04 14:16:06,715 INFO  [Log] close of Application done 
2023-04-04 14:17:41,943 INFO  [Log] Switched to Frame 
2023-04-04 14:17:48,816 INFO  [Log] comesout out  to Frame 
2023-04-04 14:17:52,115 INFO  [Log] Logout of Application done 
2023-04-04 14:17:53,870 INFO  [Log] close of Application done 
2023-04-04 14:17:57,196 INFO  [Log] Application opened 
2023-04-04 14:18:01,956 INFO  [Log] close of Application done 
2023-04-04 15:52:10,800 INFO  [Log] Application opened 
2023-04-04 15:52:16,238 INFO  [Log] close of Application done 
2023-04-04 16:01:04,661 INFO  [Log] Switched to Frame 
2023-04-04 16:01:11,720 INFO  [Log] comesout out  to Frame 
2023-04-04 16:01:15,026 INFO  [Log] Logout of Application done 
2023-04-04 16:01:17,228 INFO  [Log] close of Application done 
2023-04-04 16:01:19,224 INFO  [Log] Application opened 
2023-04-04 16:01:24,491 INFO  [Log] close of Application done 
2023-04-04 16:01:35,767 INFO  [Log] Switched to Frame 
2023-04-04 16:01:43,083 INFO  [Log] comesout out  to Frame 
2023-04-04 16:01:46,390 INFO  [Log] Logout of Application done 
2023-04-04 16:01:48,716 INFO  [Log] close of Application done 
2023-04-04 16:01:50,811 INFO  [Log] Application opened 
2023-04-04 16:01:56,281 INFO  [Log] close of Application done 
2023-04-04 16:15:37,095 INFO  [Log] Switched to Frame 
2023-04-04 16:15:43,918 INFO  [Log] comesout out  to Frame 
2023-04-04 16:15:47,284 INFO  [Log] Logout of Application done 
2023-04-04 16:15:49,703 INFO  [Log] close of Application done 
2023-04-04 16:15:51,657 INFO  [Log] Application opened 
2023-04-04 16:15:56,901 INFO  [Log] close of Application done 
2023-04-05 10:26:15,729 INFO  [Log] Switched to Frame 
2023-04-05 10:26:22,558 INFO  [Log] comesout out  to Frame 
2023-04-05 10:26:25,922 INFO  [Log] Logout of Application done 
2023-04-05 10:26:28,257 INFO  [Log] close of Application done 
2023-04-05 10:26:30,335 INFO  [Log] Application opened 
2023-04-05 10:26:35,498 INFO  [Log] close of Application done 
